<?xml version="1.0" encoding="UTF-8"?>
<!-- Generated by org.testng.reporters.JUnitReportReporter -->
<testsuite hostname="BDC7-L-1CVWXC2" name="maven.Usha" tests="1" failures="0" timestamp="19 Dec 2019 10:55:29 GMT" time="0.000" errors="0">
  <testcase name="main" time="0.000" classname="maven.Usha"/>
</testsuite> <!-- maven.Usha -->
