<?xml version="1.0" encoding="UTF-8"?>
<!-- Generated by org.testng.reporters.JUnitReportReporter -->
<testsuite hostname="BDC7-L-1CVWXC2" name="maven.Ambica" tests="1" failures="0" timestamp="19 Dec 2019 10:55:29 GMT" time="0.012" errors="0">
  <testcase name="a" time="0.012" classname="maven.Ambica"/>
</testsuite> <!-- maven.Ambica -->
