<?xml version="1.0" encoding="UTF-8"?>
<!-- Generated by org.testng.reporters.JUnitReportReporter -->
<testsuite hostname="BDC7-L-1CVWXC2" name="maven.Usha" tests="1" failures="0" timestamp="13 Dec 2019 10:07:33 GMT" time="0.050" errors="0">
  <testcase name="main" time="0.050" classname="maven.Usha"/>
</testsuite> <!-- maven.Usha -->
